2025-02-02 16:56:10,871 - INFO - The file 'D:\Meus_Projetos\Pessoal\PORTIFOLIO\rpa_challenge\src\data\challenge.xlsx' exists.
2025-02-02 16:56:11,153 - INFO - Converted Excel file to dictionary
2025-02-02 16:56:11,224 - INFO - Clicked 'Start' button
2025-02-02 16:56:11,275 - INFO - Filled field 'First Name' with value 'John'
2025-02-02 16:56:11,333 - INFO - Filled field 'Last Name ' with value 'Smith'
2025-02-02 16:56:11,391 - INFO - Filled field 'Email' with value 'jsmith@itsolutions.co.uk'
2025-02-02 16:56:11,437 - INFO - Filled field 'Phone Number' with value '40716543298'
2025-02-02 16:56:11,481 - INFO - Filled field 'Address' with value '98 North Road'
2025-02-02 16:56:11,526 - INFO - Filled field 'Company Name' with value 'IT Solutions'
2025-02-02 16:56:11,576 - INFO - Filled field 'Role in Company' with value 'Analyst'
2025-02-02 16:56:11,628 - INFO - Clicked 'Submit' button
2025-02-02 16:56:11,662 - INFO - Filled field 'First Name' with value 'Jane'
2025-02-02 16:56:11,700 - INFO - Filled field 'Last Name ' with value 'Dorsey'
2025-02-02 16:56:11,743 - INFO - Filled field 'Email' with value 'jdorsey@mc.com'
2025-02-02 16:56:11,785 - INFO - Filled field 'Phone Number' with value '40791345621'
2025-02-02 16:56:11,842 - INFO - Filled field 'Address' with value '11 Crown Street'
2025-02-02 16:56:11,886 - INFO - Filled field 'Company Name' with value 'MediCare'
2025-02-02 16:56:11,928 - INFO - Filled field 'Role in Company' with value 'Medical Engineer'
2025-02-02 16:56:11,975 - INFO - Clicked 'Submit' button
2025-02-02 16:56:12,011 - INFO - Filled field 'First Name' with value 'Albert'
2025-02-02 16:56:12,048 - INFO - Filled field 'Last Name ' with value 'Kipling'
2025-02-02 16:56:12,107 - INFO - Filled field 'Email' with value 'kipling@waterfront.com'
2025-02-02 16:56:12,146 - INFO - Filled field 'Phone Number' with value '40735416854'
2025-02-02 16:56:12,190 - INFO - Filled field 'Address' with value '22 Guild Street'
2025-02-02 16:56:12,229 - INFO - Filled field 'Company Name' with value 'Waterfront'
2025-02-02 16:56:12,267 - INFO - Filled field 'Role in Company' with value 'Accountant'
2025-02-02 16:56:12,323 - INFO - Clicked 'Submit' button
2025-02-02 16:56:12,364 - INFO - Filled field 'First Name' with value 'Michael'
2025-02-02 16:56:12,405 - INFO - Filled field 'Last Name ' with value 'Robertson'
2025-02-02 16:56:12,448 - INFO - Filled field 'Email' with value 'mrobertson@mc.com'
2025-02-02 16:56:12,488 - INFO - Filled field 'Phone Number' with value '40733652145'
2025-02-02 16:56:12,532 - INFO - Filled field 'Address' with value '17 Farburn Terrace'
2025-02-02 16:56:12,577 - INFO - Filled field 'Company Name' with value 'MediCare'
2025-02-02 16:56:12,617 - INFO - Filled field 'Role in Company' with value 'IT Specialist'
2025-02-02 16:56:12,660 - INFO - Clicked 'Submit' button
2025-02-02 16:56:12,693 - INFO - Filled field 'First Name' with value 'Doug'
2025-02-02 16:56:12,729 - INFO - Filled field 'Last Name ' with value 'Derrick'
2025-02-02 16:56:12,777 - INFO - Filled field 'Email' with value 'dderrick@timepath.co.uk'
2025-02-02 16:56:12,825 - INFO - Filled field 'Phone Number' with value '40799885412'
2025-02-02 16:56:12,870 - INFO - Filled field 'Address' with value '99 Shire Oak Road'
2025-02-02 16:56:12,911 - INFO - Filled field 'Company Name' with value 'Timepath Inc.'
2025-02-02 16:56:12,947 - INFO - Filled field 'Role in Company' with value 'Analyst'
2025-02-02 16:56:12,990 - INFO - Clicked 'Submit' button
2025-02-02 16:56:13,026 - INFO - Filled field 'First Name' with value 'Jessie'
2025-02-02 16:56:13,066 - INFO - Filled field 'Last Name ' with value 'Marlowe'
2025-02-02 16:56:13,123 - INFO - Filled field 'Email' with value 'jmarlowe@aperture.us'
2025-02-02 16:56:13,163 - INFO - Filled field 'Phone Number' with value '40733154268'
2025-02-02 16:56:13,208 - INFO - Filled field 'Address' with value '27 Cheshire Street'
2025-02-02 16:56:13,249 - INFO - Filled field 'Company Name' with value 'Aperture Inc.'
2025-02-02 16:56:13,285 - INFO - Filled field 'Role in Company' with value 'Scientist'
2025-02-02 16:56:13,334 - INFO - Clicked 'Submit' button
2025-02-02 16:56:13,368 - INFO - Filled field 'First Name' with value 'Stan'
2025-02-02 16:56:13,403 - INFO - Filled field 'Last Name ' with value 'Hamm'
2025-02-02 16:56:13,451 - INFO - Filled field 'Email' with value 'shamm@sugarwell.org'
2025-02-02 16:56:13,500 - INFO - Filled field 'Phone Number' with value '40712462257'
2025-02-02 16:56:13,539 - INFO - Filled field 'Address' with value '10 Dam Road'
2025-02-02 16:56:13,587 - INFO - Filled field 'Company Name' with value 'Sugarwell'
2025-02-02 16:56:13,625 - INFO - Filled field 'Role in Company' with value 'Advisor'
2025-02-02 16:56:13,668 - INFO - Clicked 'Submit' button
2025-02-02 16:56:13,704 - INFO - Filled field 'First Name' with value 'Michelle'
2025-02-02 16:56:13,740 - INFO - Filled field 'Last Name ' with value 'Norton'
2025-02-02 16:56:13,804 - INFO - Filled field 'Email' with value 'mnorton@aperture.us'
2025-02-02 16:56:13,852 - INFO - Filled field 'Phone Number' with value '40731254562'
2025-02-02 16:56:13,899 - INFO - Filled field 'Address' with value '13 White Rabbit Street'
2025-02-02 16:56:13,940 - INFO - Filled field 'Company Name' with value 'Aperture Inc.'
2025-02-02 16:56:13,978 - INFO - Filled field 'Role in Company' with value 'Scientist'
2025-02-02 16:56:14,022 - INFO - Clicked 'Submit' button
2025-02-02 16:56:14,055 - INFO - Filled field 'First Name' with value 'Stacy'
2025-02-02 16:56:14,104 - INFO - Filled field 'Last Name ' with value 'Shelby'
2025-02-02 16:56:14,149 - INFO - Filled field 'Email' with value 'sshelby@techdev.com'
2025-02-02 16:56:14,187 - INFO - Filled field 'Phone Number' with value '40741785214'
2025-02-02 16:56:14,233 - INFO - Filled field 'Address' with value '19 Pineapple Boulevard'
2025-02-02 16:56:14,267 - INFO - Filled field 'Company Name' with value 'TechDev'
2025-02-02 16:56:14,308 - INFO - Filled field 'Role in Company' with value 'HR Manager'
2025-02-02 16:56:14,364 - INFO - Clicked 'Submit' button
2025-02-02 16:56:14,398 - INFO - Filled field 'First Name' with value 'Lara'
2025-02-02 16:56:14,432 - INFO - Filled field 'Last Name ' with value 'Palmer'
2025-02-02 16:56:14,479 - INFO - Filled field 'Email' with value 'lpalmer@timepath.co.uk'
2025-02-02 16:56:14,518 - INFO - Filled field 'Phone Number' with value '40731653845'
2025-02-02 16:56:14,560 - INFO - Filled field 'Address' with value '87 Orange Street'
2025-02-02 16:56:14,610 - INFO - Filled field 'Company Name' with value 'Timepath Inc.'
2025-02-02 16:56:14,648 - INFO - Filled field 'Role in Company' with value 'Programmer'
2025-02-02 16:56:14,689 - INFO - Clicked 'Submit' button
2025-02-02 16:56:14,709 - INFO - Your success rate is 100% ( 70 out of 70 fields) in 3471 milliseconds
2025-02-02 16:56:14,785 - INFO - Closing the browser
